<?xml version="1.0" encoding="UTF-8"?>
<!-- Generated by org.testng.reporters.JUnitXMLReporter -->
<testsuite hostname="ManoharK-MSD1" name="Test" tests="6" failures="0" timestamp="16 Jan 2021 06:56:40 GMT" time="0.067" errors="0">
  <testcase name="BrowserAUtomation" time="0.02" classname="qaclickacademy.SeleniumTest"/>
  <testcase name="elementsUi" time="0.003" classname="qaclickacademy.SeleniumTest"/>
  <testcase name="deleteTwitter" time="0.0" classname="qaclickacademy.RESTAPITest"/>
  <testcase name="postJira" time="0.003" classname="qaclickacademy.RESTAPITest"/>
  <testcase name="IOSApps" time="0.002" classname="qaclickacademy.AppiumTest"/>
  <testcase name="NativeAPpAndroid" time="0.002" classname="qaclickacademy.AppiumTest"/>
</testsuite> <!-- Test -->
